TN:
SF:src\modules\commentaries\infra\typeorm\entities\Commentary.ts
FN:34,Commentary
FN:17,Object.<anonymous>.__decorate.onDelete
FN:24,Object.<anonymous>.__decorate.onDelete
FN:28,default
FN:31,default
FNF:5
FNH:1
FNDA:1,Commentary
FNDA:0,Object.<anonymous>.__decorate.onDelete
FNDA:0,Object.<anonymous>.__decorate.onDelete
FNDA:0,default
FNDA:0,default
DA:1,1
DA:2,1
DA:3,1
DA:4,1
DA:5,1
DA:6,1
DA:7,1
DA:8,1
DA:9,1
DA:10,1
DA:11,1
DA:12,1
DA:13,1
DA:14,1
DA:15,1
DA:16,1
DA:17,1
DA:18,1
DA:19,1
DA:20,1
DA:21,1
DA:22,1
DA:23,1
DA:24,1
DA:25,1
DA:26,1
DA:27,1
DA:28,1
DA:29,1
DA:30,1
DA:31,1
DA:32,1
DA:33,1
DA:34,1
DA:35,1
DA:36,1
DA:37,1
DA:38,1
DA:39,1
DA:40,1
DA:41,1
LF:41
LH:41
BRDA:7,0,0,1
BRDA:34,1,0,1
BRF:2
BRH:2
end_of_record
TN:
SF:src\modules\commentaries\repositories\in-memory\CommentaryRepositoryInMemory.ts
FN:7,CommentaryRepositoryInMemory
FN:10,Object.<anonymous>.CommentaryRepositoryInMemory.create
FN:24,Object.<anonymous>.CommentaryRepositoryInMemory.listCommentariesByVideo
FN:30,Object.<anonymous>.CommentaryRepositoryInMemory.delete
FNF:4
FNH:2
FNDA:3,CommentaryRepositoryInMemory
FNDA:1,Object.<anonymous>.CommentaryRepositoryInMemory.create
FNDA:0,Object.<anonymous>.CommentaryRepositoryInMemory.listCommentariesByVideo
FNDA:0,Object.<anonymous>.CommentaryRepositoryInMemory.delete
DA:1,1
DA:2,1
DA:3,1
DA:4,1
DA:5,1
DA:6,1
DA:7,3
DA:8,3
DA:9,3
DA:10,3
DA:11,1
DA:12,1
DA:13,1
DA:14,1
DA:15,1
DA:16,1
DA:17,1
DA:18,1
DA:19,1
DA:20,1
DA:21,1
DA:22,1
DA:23,3
DA:24,3
DA:25,0
DA:26,0
DA:27,0
DA:28,0
DA:29,3
DA:30,3
DA:31,0
DA:32,0
DA:33,0
DA:34,0
DA:35,0
DA:36,3
DA:37,3
DA:38,1
DA:39,1
LF:39
LH:30
BRDA:7,0,0,1
BRDA:7,1,0,3
BRDA:10,2,0,1
BRF:3
BRH:3
end_of_record
TN:
SF:src\modules\commentaries\services\CreateCommentaryService.ts
FN:16,CreateCommentaryService
FN:27,Object.<anonymous>.CreateCommentaryService.execute
FNF:2
FNH:2
FNDA:3,CreateCommentaryService
FNDA:3,Object.<anonymous>.CreateCommentaryService.execute
DA:1,1
DA:2,1
DA:3,1
DA:4,1
DA:5,1
DA:6,1
DA:7,1
DA:8,1
DA:9,1
DA:10,1
DA:11,1
DA:12,1
DA:13,1
DA:14,1
DA:15,1
DA:16,1
DA:17,3
DA:18,3
DA:19,3
DA:20,3
DA:21,3
DA:22,3
DA:23,3
DA:24,3
DA:25,3
DA:26,1
DA:27,1
DA:28,3
DA:29,3
DA:30,3
DA:31,1
DA:32,1
DA:33,2
DA:34,2
DA:35,3
DA:36,3
DA:37,1
DA:38,1
DA:39,1
DA:40,1
DA:41,3
DA:42,3
DA:43,3
DA:44,1
DA:45,1
DA:46,1
LF:46
LH:46
BRDA:15,0,0,1
BRDA:16,1,0,3
BRDA:27,2,0,3
BRDA:28,3,0,3
BRDA:30,4,0,1
BRDA:33,5,0,2
BRDA:36,6,0,1
BRF:7
BRH:7
end_of_record
TN:
SF:src\modules\users\infra\typeorm\entities\User.ts
FN:21,User
FN:15,default
FN:18,default
FNF:3
FNH:1
FNDA:3,User
FNDA:0,default
FNDA:0,default
DA:1,1
DA:2,1
DA:3,1
DA:4,1
DA:5,1
DA:6,1
DA:7,1
DA:8,1
DA:9,1
DA:10,1
DA:11,1
DA:12,1
DA:13,1
DA:14,1
DA:15,1
DA:16,1
DA:17,1
DA:18,1
DA:19,1
DA:20,1
DA:21,1
DA:22,3
DA:23,3
DA:24,3
DA:25,3
DA:26,1
DA:27,1
DA:28,1
DA:29,1
LF:29
LH:29
BRDA:5,0,0,1
BRDA:21,1,0,3
BRF:2
BRH:2
end_of_record
TN:
SF:src\modules\users\repositories\in-memory\UsersRepositoryInMemory.ts
FN:5,UsersRepositoryInMemory
FN:8,Object.<anonymous>.UsersRepositoryInMemory.create
FN:18,Object.<anonymous>.UsersRepositoryInMemory.findByEmail
FN:24,Object.<anonymous>.UsersRepositoryInMemory.findById
FNF:4
FNH:3
FNDA:3,UsersRepositoryInMemory
FNDA:3,Object.<anonymous>.UsersRepositoryInMemory.create
FNDA:0,Object.<anonymous>.UsersRepositoryInMemory.findByEmail
FNDA:3,Object.<anonymous>.UsersRepositoryInMemory.findById
DA:1,1
DA:2,1
DA:3,1
DA:4,1
DA:5,3
DA:6,3
DA:7,3
DA:8,3
DA:9,3
DA:10,3
DA:11,3
DA:12,3
DA:13,3
DA:14,3
DA:15,3
DA:16,3
DA:17,3
DA:18,3
DA:19,0
DA:20,0
DA:21,0
DA:22,0
DA:23,3
DA:24,3
DA:25,3
DA:26,3
DA:27,3
DA:28,3
DA:29,3
DA:30,3
DA:31,1
DA:32,1
LF:32
LH:28
BRDA:5,0,0,1
BRDA:5,1,0,3
BRDA:8,2,0,3
BRDA:24,3,0,3
BRDA:25,4,0,3
BRF:5
BRH:5
end_of_record
TN:
SF:src\modules\videos\infra\typeorm\entities\Video.ts
FN:34,Video
FN:28,default
FN:31,default
FNF:3
FNH:1
FNDA:3,Video
FNDA:0,default
FNDA:0,default
DA:1,1
DA:2,1
DA:3,1
DA:4,1
DA:5,1
DA:6,1
DA:7,1
DA:8,1
DA:9,1
DA:10,1
DA:11,1
DA:12,1
DA:13,1
DA:14,1
DA:15,1
DA:16,1
DA:17,1
DA:18,1
DA:19,1
DA:20,1
DA:21,1
DA:22,1
DA:23,1
DA:24,1
DA:25,1
DA:26,1
DA:27,1
DA:28,1
DA:29,1
DA:30,1
DA:31,1
DA:32,1
DA:33,1
DA:34,1
DA:35,3
DA:36,3
DA:37,3
DA:38,3
DA:39,1
DA:40,1
DA:41,1
LF:41
LH:41
BRDA:4,0,0,1
BRDA:14,1,0,1
BRDA:34,2,0,3
BRF:3
BRH:3
end_of_record
TN:
SF:src\modules\videos\repositories\in-memory\VideosRepositoryInMemory.ts
FN:5,VideosRepositoryInMemory
FN:8,Object.<anonymous>.VideosRepositoryInMemory.create
FN:18,Object.<anonymous>.VideosRepositoryInMemory.findById
FN:24,Object.<anonymous>.VideosRepositoryInMemory.find
FNF:4
FNH:3
FNDA:3,VideosRepositoryInMemory
FNDA:3,Object.<anonymous>.VideosRepositoryInMemory.create
FNDA:2,Object.<anonymous>.VideosRepositoryInMemory.findById
FNDA:0,Object.<anonymous>.VideosRepositoryInMemory.find
DA:1,1
DA:2,1
DA:3,1
DA:4,1
DA:5,3
DA:6,3
DA:7,3
DA:8,3
DA:9,3
DA:10,3
DA:11,3
DA:12,3
DA:13,3
DA:14,3
DA:15,3
DA:16,3
DA:17,3
DA:18,3
DA:19,2
DA:20,2
DA:21,2
DA:22,2
DA:23,3
DA:24,3
DA:25,0
DA:26,0
DA:27,3
DA:28,3
DA:29,1
DA:30,1
LF:30
LH:28
BRDA:5,0,0,1
BRDA:5,1,0,3
BRDA:8,2,0,3
BRDA:18,3,0,2
BRDA:19,4,0,2
BRF:5
BRH:5
end_of_record
TN:
SF:src\shared\errors\AppError.ts
FN:6,AppError
FNF:1
FNH:1
FNDA:4,AppError
DA:1,1
DA:2,1
DA:3,1
DA:4,1
DA:5,1
DA:6,1
DA:7,4
DA:8,4
DA:9,4
DA:10,1
LF:10
LH:10
BRDA:1,0,0,1
BRDA:6,1,0,4
BRF:2
BRH:2
end_of_record
